1
0
1
0
0
1
0
Primele 100 cele mai scurte:
a
ab
abab
ababab
abababab
ababababab
abababababab
ababababababab
abababababababab
ababababababababab
abababababababababab
ababababababababababab
abababababababababababab
ababababababababababababab
abababababababababababababab
ababababababababababababababab
abababababababababababababababab
ababababababababababababababababab
abababababababababababababababababab
ababababababababababababababababababab
abababababababababababababababababababab
ababababababababababababababababababababab
abababababababababababababababababababababab
ababababababababababababababababababababababab
abababababababababababababababababababababababab
ababababababababababababababababababababababababab
abababababababababababababababababababababababababab
ababababababababababababababababababababababababababab
abababababababababababababababababababababababababababab
ababababababababababababababababababababababababababababab
abababababababababababababababababababababababababababababab
ababababababababababababababababababababababababababababababab
abababababababababababababababababababababababababababababababab
ababababababababababababababababababababababababababababababababab
abababababababababababababababababababababababababababababababababab
ababababababababababababababababababababababababababababababababababab
abababababababababababababababababababababababababababababababababababab
ababababababababababababababababababababababababababababababababababababab
abababababababababababababababababababababababababababababababababababababab
ababababababababababababababababababababababababababababababababababababababab
abababababababababababababababababababababababababababababababababababababababab
ababababababababababababababababababababababababababababababababababababababababab
abababababababababababababababababababababababababababababababababababababababababab
ababababababababababababababababababababababababababababababababababababababababababab
abababababababababababababababababababababababababababababababababababababababababababab
ababababababababababababababababababababababababababababababababababababababababababababab
abababababababababababababababababababababababababababababababababababababababababababababab
ababababababababababababababababababababababababababababababababababababababababababababababab
abababababababababababababababababababababababababababababababababababababababababababababababab
ababababababababababababababababababababababababababababababababababababababababababababababababab
abababababababababababababababababababababababababababababababababababababababababababababababababab
ababababababababababababababababababababababababababababababababababababababababababababababababababab
abababababababababababababababababababababababababababababababababababababababababababababababababababab
ababababababababababababababababababababababababababababababababababababababababababababababababababababab
abababababababababababababababababababababababababababababababababababababababababababababababababababababab
ababababababababababababababababababababababababababababababababababababababababababababababababababababababab
abababababababababababababababababababababababababababababababababababababababababababababababababababababababab
ababababababababababababababababababababababababababababababababababababababababababababababababababababababababab
abababababababababababababababababababababababababababababababababababababababababababababababababababababababababab
ababababababababababababababababababababababababababababababababababababababababababababababababababababababababababab
abababababababababababababababababababababababababababababababababababababababababababababababababababababababababababab
ababababababababababababababababababababababababababababababababababababababababababababababababababababababababababababab
abababababababababababababababababababababababababababababababababababababababababababababababababababababababababababababab
ababababababababababababababababababababababababababababababababababababababababababababababababababababababababababababababab
abababababababababababababababababababababababababababababababababababababababababababababababababababababababababababababababab
ababababababababababababababababababababababababababababababababababababababababababababababababababababababababababababababababab
abababababababababababababababababababababababababababababababababababababababababababababababababababababababababababababababababab
ababababababababababababababababababababababababababababababababababababababababababababababababababababababababababababababababababab
abababababababababababababababababababababababababababababababababababababababababababababababababababababababababababababababababababab
ababababababababababababababababababababababababababababababababababababababababababababababababababababababababababababababababababababab
abababababababababababababababababababababababababababababababababababababababababababababababababababababababababababababababababababababab
ababababababababababababababababababababababababababababababababababababababababababababababababababababababababababababababababababababababab
abababababababababababababababababababababababababababababababababababababababababababababababababababababababababababababababababababababababab
ababababababababababababababababababababababababababababababababababababababababababababababababababababababababababababababababababababababababab
abababababababababababababababababababababababababababababababababababababababababababababababababababababababababababababababababababababababababab
ababababababababababababababababababababababababababababababababababababababababababababababababababababababababababababababababababababababababababab
abababababababababababababababababababababababababababababababababababababababababababababababababababababababababababababababababababababababababababab
ababababababababababababababababababababababababababababababababababababababababababababababababababababababababababababababababababababababababababababab
abababababababababababababababababababababababababababababababababababababababababababababababababababababababababababababababababababababababababababababab
ababababababababababababababababababababababababababababababababababababababababababababababababababababababababababababababababababababababababababababababab
abababababababababababababababababababababababababababababababababababababababababababababababababababababababababababababababababababababababababababababababab
ababababababababababababababababababababababababababababababababababababababababababababababababababababababababababababababababababababababababababababababababab
abababababababababababababababababababababababababababababababababababababababababababababababababababababababababababababababababababababababababababababababababab
ababababababababababababababababababababababababababababababababababababababababababababababababababababababababababababababababababababababababababababababababababab
abababababababababababababababababababababababababababababababababababababababababababababababababababababababababababababababababababababababababababababababababababab
ababababababababababababababababababababababababababababababababababababababababababababababababababababababababababababababababababababababababababababababababababababab
abababababababababababababababababababababababababababababababababababababababababababababababababababababababababababababababababababababababababababababababababababababab
ababababababababababababababababababababababababababababababababababababababababababababababababababababababababababababababababababababababababababababababababababababababab
abababababababababababababababababababababababababababababababababababababababababababababababababababababababababababababababababababababababababababababababababababababababab
ababababababababababababababababababababababababababababababababababababababababababababababababababababababababababababababababababababababababababababababababababababababababab
abababababababababababababababababababababababababababababababababababababababababababababababababababababababababababababababababababababababababababababababababababababababababab
ababababababababababababababababababababababababababababababababababababababababababababababababababababababababababababababababababababababababababababababababababababababababababab
abababababababababababababababababababababababababababababababababababababababababababababababababababababababababababababababababababababababababababababababababababababababababababab
ababababababababababababababababababababababababababababababababababababababababababababababababababababababababababababababababababababababababababababababababababababababababababababab
abababababababababababababababababababababababababababababababababababababababababababababababababababababababababababababababababababababababababababababababababababababababababababababab
ababababababababababababababababababababababababababababababababababababababababababababababababababababababababababababababababababababababababababababababababababababababababababababababab
abababababababababababababababababababababababababababababababababababababababababababababababababababababababababababababababababababababababababababababababababababababababababababababababab
ababababababababababababababababababababababababababababababababababababababababababababababababababababababababababababababababababababababababababababababababababababababababababababababababab
abababababababababababababababababababababababababababababababababababababababababababababababababababababababababababababababababababababababababababababababababababababababababababababababababab
ababababababababababababababababababababababababababababababababababababababababababababababababababababababababababababababababababababababababababababababababababababababababababababababababababab
